Apache Maven 3.0.4 (r1232337; 2012-01-17 09:44:56+0100)
Maven home: /usr/share/java/maven
Java version: 1.6.0_35, vendor: Sun Microsystems Inc.
Java home: /usr/java/jdk1.6.0_35/jre
Default locale: en_US, platform encoding: UTF-8
OS name: "linux", version: "2.6.32-573.7.1.el6.x86_64", arch: "amd64", family: "unix"
[INFO] Error stacktraces are turned on.
[DEBUG] Reading global settings from /usr/share/java/maven/conf/settings.xml
[DEBUG] Reading user settings from /home/dgustafsson/.m2/settings.xml
[DEBUG] Using local repository at /home/dgustafsson/.m2/repository
[DEBUG] Using manager EnhancedLocalRepositoryManager with priority 10 for /home/dgustafsson/.m2/repository
[INFO] Scanning for projects...
[DEBUG] org.apache.maven.wagon:wagon-ssh:jar:1.0:
[DEBUG]    com.jcraft:jsch:jar:0.1.44-1:compile
[DEBUG]    org.codehaus.plexus:plexus-utils:jar:1.4.2:compile
[DEBUG]    org.apache.maven.wagon:wagon-ssh-common:jar:1.0:compile
[DEBUG]       org.codehaus.plexus:plexus-interactivity-api:jar:1.0-alpha-6:compile
[DEBUG]    org.apache.maven.wagon:wagon-provider-api:jar:1.0:compile
[DEBUG] Created new class realm maven.api
[DEBUG] Importing foreign packages into class realm maven.api
[DEBUG]   Imported: org.apache.maven.wagon.events < plexus.core
[DEBUG]   Imported: org.sonatype.aether.transfer < plexus.core
[DEBUG]   Imported: org.apache.maven.exception < plexus.core
[DEBUG]   Imported: org.sonatype.aether.metadata < plexus.core
[DEBUG]   Imported: org.codehaus.plexus.util.xml.Xpp3Dom < plexus.core
[DEBUG]   Imported: org.sonatype.aether.collection < plexus.core
[DEBUG]   Imported: org.sonatype.aether.version < plexus.core
[DEBUG]   Imported: org.apache.maven.monitor < plexus.core
[DEBUG]   Imported: org.apache.maven.wagon.repository < plexus.core
[DEBUG]   Imported: org.apache.maven.repository < plexus.core
[DEBUG]   Imported: org.apache.maven.wagon.resource < plexus.core
[DEBUG]   Imported: org.codehaus.plexus.logging < plexus.core
[DEBUG]   Imported: org.apache.maven.profiles < plexus.core
[DEBUG]   Imported: org.sonatype.aether.repository < plexus.core
[DEBUG]   Imported: org.apache.maven.classrealm < plexus.core
[DEBUG]   Imported: org.apache.maven.execution < plexus.core
[DEBUG]   Imported: org.sonatype.aether.artifact < plexus.core
[DEBUG]   Imported: org.sonatype.aether.spi < plexus.core
[DEBUG]   Imported: org.apache.maven.reporting < plexus.core
[DEBUG]   Imported: org.apache.maven.usability < plexus.core
[DEBUG]   Imported: org.codehaus.plexus.container < plexus.core
[DEBUG]   Imported: org.codehaus.plexus.component < plexus.core
[DEBUG]   Imported: org.codehaus.plexus.util.xml.pull.XmlSerializer < plexus.core
[DEBUG]   Imported: org.apache.maven.wagon.authentication < plexus.core
[DEBUG]   Imported: org.apache.maven.lifecycle < plexus.core
[DEBUG]   Imported: org.codehaus.plexus.classworlds < plexus.core
[DEBUG]   Imported: org.sonatype.aether.graph < plexus.core
[DEBUG]   Imported: org.sonatype.aether.* < plexus.core
[DEBUG]   Imported: org.apache.maven.settings < plexus.core
[DEBUG]   Imported: org.codehaus.classworlds < plexus.core
[DEBUG]   Imported: org.sonatype.aether.impl < plexus.core
[DEBUG]   Imported: org.apache.maven.wagon.* < plexus.core
[DEBUG]   Imported: org.apache.maven.toolchain < plexus.core
[DEBUG]   Imported: org.sonatype.aether.deployment < plexus.core
[DEBUG]   Imported: org.apache.maven.wagon.observers < plexus.core
[DEBUG]   Imported: org.codehaus.plexus.util.xml.pull.XmlPullParserException < plexus.core
[DEBUG]   Imported: org.codehaus.plexus.util.xml.pull.XmlPullParser < plexus.core
[DEBUG]   Imported: org.apache.maven.configuration < plexus.core
[DEBUG]   Imported: org.apache.maven.cli < plexus.core
[DEBUG]   Imported: org.sonatype.aether.installation < plexus.core
[DEBUG]   Imported: org.codehaus.plexus.context < plexus.core
[DEBUG]   Imported: org.apache.maven.wagon.authorization < plexus.core
[DEBUG]   Imported: org.apache.maven.project < plexus.core
[DEBUG]   Imported: org.apache.maven.rtinfo < plexus.core
[DEBUG]   Imported: org.codehaus.plexus.lifecycle < plexus.core
[DEBUG]   Imported: org.codehaus.plexus.configuration < plexus.core
[DEBUG]   Imported: org.apache.maven.artifact < plexus.core
[DEBUG]   Imported: org.apache.maven.model < plexus.core
[DEBUG]   Imported: org.apache.maven.* < plexus.core
[DEBUG]   Imported: org.apache.maven.wagon.proxy < plexus.core
[DEBUG]   Imported: org.sonatype.aether.resolution < plexus.core
[DEBUG]   Imported: org.apache.maven.plugin < plexus.core
[DEBUG]   Imported: org.codehaus.plexus.* < plexus.core
[DEBUG]   Imported: org.codehaus.plexus.personality < plexus.core
[DEBUG] Populating class realm maven.api
[DEBUG] Created new class realm extension>org.apache.maven.wagon:wagon-ssh:1.0
[DEBUG] Importing foreign packages into class realm extension>org.apache.maven.wagon:wagon-ssh:1.0
[DEBUG]   Imported:  < maven.api
[DEBUG] Populating class realm extension>org.apache.maven.wagon:wagon-ssh:1.0
[DEBUG]   Included: org.apache.maven.wagon:wagon-ssh:jar:1.0
[DEBUG]   Included: com.jcraft:jsch:jar:0.1.44-1
[DEBUG]   Included: org.codehaus.plexus:plexus-utils:jar:1.4.2
[DEBUG]   Included: org.apache.maven.wagon:wagon-ssh-common:jar:1.0
[DEBUG]   Included: org.codehaus.plexus:plexus-interactivity-api:jar:1.0-alpha-6
[DEBUG] Extension realms for project smhi:hypeapps-eodata:pom:1.0-SNAPSHOT: [ClassRealm[extension>org.apache.maven.wagon:wagon-ssh:1.0, parent: sun.misc.Launcher$AppClassLoader@1a45a877]]
[DEBUG] Created new class realm project>smhi:hypeapps-eodata:1.0-SNAPSHOT
[DEBUG] Populating class realm project>smhi:hypeapps-eodata:1.0-SNAPSHOT
[DEBUG] Looking up lifecyle mappings for packaging pom from ClassRealm[project>smhi:hypeapps-eodata:1.0-SNAPSHOT, parent: ClassRealm[maven.api, parent: null]]
[DEBUG] === REACTOR BUILD PLAN ================================================
[DEBUG] Project: smhi:hypeapps-eodata:pom:1.0-SNAPSHOT
[DEBUG] Tasks:   [install]
[DEBUG] Style:   Regular
[DEBUG] =======================================================================
[INFO]                                                                         
[INFO] ------------------------------------------------------------------------
[INFO] Building hypeapps-eodata 1.0-SNAPSHOT
[INFO] ------------------------------------------------------------------------
[DEBUG] Lifecycle default -> [validate, initialize, generate-sources, process-sources, generate-resources, process-resources, compile, process-classes, generate-test-sources, process-test-sources, generate-test-resources, process-test-resources, test-compile, process-test-classes, test, prepare-package, package, pre-integration-test, integration-test, post-integration-test, verify, install, deploy]
[DEBUG] Lifecycle clean -> [pre-clean, clean, post-clean]
[DEBUG] Lifecycle site -> [pre-site, site, post-site, site-deploy]
[DEBUG] Lifecycle default -> [validate, initialize, generate-sources, process-sources, generate-resources, process-resources, compile, process-classes, generate-test-sources, process-test-sources, generate-test-resources, process-test-resources, test-compile, process-test-classes, test, prepare-package, package, pre-integration-test, integration-test, post-integration-test, verify, install, deploy]
[DEBUG] Lifecycle clean -> [pre-clean, clean, post-clean]
[DEBUG] Lifecycle site -> [pre-site, site, post-site, site-deploy]
[DEBUG] Lifecycle default -> [validate, initialize, generate-sources, process-sources, generate-resources, process-resources, compile, process-classes, generate-test-sources, process-test-sources, generate-test-resources, process-test-resources, test-compile, process-test-classes, test, prepare-package, package, pre-integration-test, integration-test, post-integration-test, verify, install, deploy]
[DEBUG] Lifecycle clean -> [pre-clean, clean, post-clean]
[DEBUG] Lifecycle site -> [pre-site, site, post-site, site-deploy]
[DEBUG] Lifecycle default -> [validate, initialize, generate-sources, process-sources, generate-resources, process-resources, compile, process-classes, generate-test-sources, process-test-sources, generate-test-resources, process-test-resources, test-compile, process-test-classes, test, prepare-package, package, pre-integration-test, integration-test, post-integration-test, verify, install, deploy]
[DEBUG] Lifecycle clean -> [pre-clean, clean, post-clean]
[DEBUG] Lifecycle site -> [pre-site, site, post-site, site-deploy]
[DEBUG] Lifecycle default -> [validate, initialize, generate-sources, process-sources, generate-resources, process-resources, compile, process-classes, generate-test-sources, process-test-sources, generate-test-resources, process-test-resources, test-compile, process-test-classes, test, prepare-package, package, pre-integration-test, integration-test, post-integration-test, verify, install, deploy]
[DEBUG] Lifecycle clean -> [pre-clean, clean, post-clean]
[DEBUG] Lifecycle site -> [pre-site, site, post-site, site-deploy]
[DEBUG] Lifecycle default -> [validate, initialize, generate-sources, process-sources, generate-resources, process-resources, compile, process-classes, generate-test-sources, process-test-sources, generate-test-resources, process-test-resources, test-compile, process-test-classes, test, prepare-package, package, pre-integration-test, integration-test, post-integration-test, verify, install, deploy]
[DEBUG] Lifecycle clean -> [pre-clean, clean, post-clean]
[DEBUG] Lifecycle site -> [pre-site, site, post-site, site-deploy]
[DEBUG] === PROJECT BUILD PLAN ================================================
[DEBUG] Project:       smhi:hypeapps-eodata:1.0-SNAPSHOT
[DEBUG] Dependencies (collect): []
[DEBUG] Dependencies (resolve): [test]
[DEBUG] Repositories (dependencies): [repository.terradue.com (https://repository.terradue.com/artifactory/libs-release-public, releases+snapshots), central (http://repo.maven.apache.org/maven2, releases)]
[DEBUG] Repositories (plugins)     : [repository.terradue.com (http://repository.terradue.com/artifactory/libs-release-public, releases+snapshots), central (http://repo.maven.apache.org/maven2, releases)]
[DEBUG] --- init fork of smhi:hypeapps-eodata:1.0-SNAPSHOT for org.apache.maven.plugins:maven-scm-plugin:1.9.1:validate (check-repo) ---
[DEBUG] Dependencies (collect): []
[DEBUG] Dependencies (resolve): []
[DEBUG] --- exit fork of smhi:hypeapps-eodata:1.0-SNAPSHOT for org.apache.maven.plugins:maven-scm-plugin:1.9.1:validate (check-repo) ---
[DEBUG] -----------------------------------------------------------------------
[DEBUG] Goal:          org.apache.maven.plugins:maven-scm-plugin:1.9.1:validate (check-repo)
[DEBUG] Style:         Regular
[DEBUG] Configuration: <?xml version="1.0" encoding="UTF-8"?>
<configuration>
  <basedir>${basedir}</basedir>
  <connectionType default-value="connection">${connectionType}</connectionType>
  <connectionUrl default-value="${project.scm.connection}">${connectionUrl}</connectionUrl>
  <developerConnectionUrl default-value="${project.scm.developerConnection}">${connectionUrl}</developerConnectionUrl>
  <excludes>${excludes}</excludes>
  <includes>${includes}</includes>
  <passphrase>${passphrase}</passphrase>
  <password>${password}</password>
  <privateKey>${privateKey}</privateKey>
  <pushChanges default-value="true">${pushChanges}</pushChanges>
  <scmCheckWorkingDirectoryUrl default-value="false">true</scmCheckWorkingDirectoryUrl>
  <scmConnection default-value="${project.scm.connection}">${scmConnection}</scmConnection>
  <scmDeveloperConnection default-value="${project.scm.developerConnection}">${scmDeveloperConnection}</scmDeveloperConnection>
  <settings default-value="${settings}"/>
  <tagBase>${tagBase}</tagBase>
  <username>${username}</username>
  <workingDirectory>${workingDirectory}</workingDirectory>
</configuration>
[DEBUG] -----------------------------------------------------------------------
[DEBUG] Goal:          org.apache.maven.plugins:maven-antrun-plugin:1.6:run (create target)
[DEBUG] Style:         Regular
[DEBUG] Configuration: <?xml version="1.0" encoding="UTF-8"?>
<configuration>
  <localRepository>${localRepository}</localRepository>
  <pluginArtifacts>${plugin.artifacts}</pluginArtifacts>
  <project>${project}</project>
  <sourceRoot>${sourceRoot}</sourceRoot>
  <target>
    <mkdir dir="/home/dgustafsson/hypeapps-eodata/target"/>
  </target>
  <testSourceRoot>${testSourceRoot}</testSourceRoot>
  <versionsPropertyName default-value="maven.project.dependencies.versions"/>
</configuration>
[DEBUG] -----------------------------------------------------------------------
[DEBUG] Goal:          org.codehaus.mojo:exec-maven-plugin:1.3.1:exec (Anaconda packages list)
[DEBUG] Style:         Regular
[DEBUG] Configuration: <?xml version="1.0" encoding="UTF-8"?>
<configuration>
  <arguments>
    <argument>list</argument>
    <argument>-e</argument>
  </arguments>
  <basedir default-value="${basedir}"/>
  <classpathScope default-value="runtime">${exec.classpathScope}</classpathScope>
  <commandlineArgs>${exec.args}</commandlineArgs>
  <executable>conda</executable>
  <failWithEmptyArgument default-value="true"/>
  <failWithNullKeyOrValueInEnvironment default-value="true"/>
  <longClasspath default-value="false">${exec.longClasspath}</longClasspath>
  <outputFile>/home/dgustafsson/hypeapps-eodata/src/main/app-resources/dependencies/R/packages.list</outputFile>
  <project default-value="${project}"/>
  <skip default-value="false">${skip}</skip>
  <sourceRoot>${sourceRoot}</sourceRoot>
  <testSourceRoot>${testSourceRoot}</testSourceRoot>
  <workingDirectory>${exec.workingdir}</workingDirectory>
  <session default-value="${session}"/>
</configuration>
[DEBUG] -----------------------------------------------------------------------
[DEBUG] Goal:          org.apache.maven.plugins:maven-install-plugin:2.3.1:install (default-install)
[DEBUG] Style:         Regular
[DEBUG] Configuration: <?xml version="1.0" encoding="UTF-8"?>
<configuration>
  <artifact default-value="${project.artifact}"/>
  <attachedArtifacts default-value="${project.attachedArtifacts}"/>
  <createChecksum default-value="false">${createChecksum}</createChecksum>
  <localRepository>${localRepository}</localRepository>
  <packaging default-value="${project.packaging}"/>
  <pomFile default-value="${project.file}"/>
  <updateReleaseInfo default-value="false">${updateReleaseInfo}</updateReleaseInfo>
</configuration>
[DEBUG] -----------------------------------------------------------------------
[DEBUG] Goal:          org.apache.maven.plugins:maven-resources-plugin:2.6:copy-resources (copy-app-resources)
[DEBUG] Style:         Regular
[DEBUG] Configuration: <?xml version="1.0" encoding="UTF-8"?>
<configuration>
  <buildFilters default-value="${project.build.filters}"/>
  <encoding default-value="${project.build.sourceEncoding}">${encoding}</encoding>
  <escapeString>${maven.resources.escapeString}</escapeString>
  <escapeWindowsPaths default-value="true">${maven.resources.escapeWindowsPaths}</escapeWindowsPaths>
  <includeEmptyDirs default-value="false">${maven.resources.includeEmptyDirs}</includeEmptyDirs>
  <outputDirectory>/application</outputDirectory>
  <overwrite default-value="false">${maven.resources.overwrite}</overwrite>
  <project default-value="${project}"/>
  <resources>
    <resource>
      <directory>/home/dgustafsson/hypeapps-eodata/src/main/app-resources/</directory>
    </resource>
  </resources>
  <session default-value="${session}"/>
  <supportMultiLineFiltering default-value="false">${maven.resources.supportMultiLineFiltering}</supportMultiLineFiltering>
  <useBuildFilters default-value="true"/>
  <useDefaultDelimiters default-value="true"/>
</configuration>
[DEBUG] -----------------------------------------------------------------------
[DEBUG] Goal:          org.apache.maven.plugins:maven-antrun-plugin:1.6:run (change perm)
[DEBUG] Style:         Regular
[DEBUG] Configuration: <?xml version="1.0" encoding="UTF-8"?>
<configuration>
  <localRepository>${localRepository}</localRepository>
  <pluginArtifacts>${plugin.artifacts}</pluginArtifacts>
  <project>${project}</project>
  <sourceRoot>${sourceRoot}</sourceRoot>
  <target>
    <chmod dir="/application" includes="**/run**" perm="755"/>
    <chmod dir="/application" includes="**/*.sh" perm="755"/>
    <chmod dir="/application" includes="**/*.py" perm="755"/>
    <chmod dir="/application" includes="**/*.R" perm="755"/>
    <chmod dir="/application" includes="**/*.exe" perm="755"/>
    <chmod dir="/application" includes="**/*.sav" perm="755"/>
    <chmod file="/application/application.xml" perm="664"/>
  </target>
  <testSourceRoot>${testSourceRoot}</testSourceRoot>
  <versionsPropertyName default-value="maven.project.dependencies.versions"/>
</configuration>
[DEBUG] =======================================================================
[INFO] 
[INFO] >>> maven-scm-plugin:1.9.1:validate (check-repo) @ hypeapps-eodata >>>
[INFO] 
[INFO] <<< maven-scm-plugin:1.9.1:validate (check-repo) @ hypeapps-eodata <<<
[DEBUG] smhi:hypeapps-eodata:pom:1.0-SNAPSHOT
[INFO] 
[INFO] --- maven-scm-plugin:1.9.1:validate (check-repo) @ hypeapps-eodata ---
[DEBUG] org.apache.maven.plugins:maven-scm-plugin:jar:1.9.1:
[DEBUG]    org.apache.maven:maven-project:jar:2.0.6:compile
[DEBUG]       org.apache.maven:maven-profile:jar:2.0.6:compile
[DEBUG]       org.apache.maven:maven-model:jar:2.0.6:compile
[DEBUG]       org.apache.maven:maven-artifact-manager:jar:2.0.6:compile
[DEBUG]          org.apache.maven:maven-repository-metadata:jar:2.0.6:compile
[DEBUG]       org.apache.maven:maven-plugin-registry:jar:2.0.6:compile
[DEBUG]       org.apache.maven:maven-artifact:jar:2.0.6:compile
[DEBUG]       org.codehaus.plexus:plexus-container-default:jar:1.0-alpha-9:compile (version managed from 1.0-alpha-9-stable-1)
[DEBUG]          junit:junit:jar:4.8.2:compile (version managed from 3.8.1)
[DEBUG]          classworlds:classworlds:jar:1.1-alpha-2:compile
[DEBUG]    org.apache.maven:maven-settings:jar:2.0.6:compile
[DEBUG]    org.apache.maven:maven-plugin-api:jar:2.0.6:compile
[DEBUG]    org.apache.maven.scm:maven-scm-manager-plexus:jar:1.9.1:compile
[DEBUG]       org.apache.maven.scm:maven-scm-api:jar:1.9.1:compile
[DEBUG]    org.apache.maven.scm:maven-scm-providers-standard:pom:1.9.1:compile
[DEBUG]       org.apache.maven.scm:maven-scm-provider-accurev:jar:1.9.1:runtime
[DEBUG]       org.apache.maven.scm:maven-scm-provider-bazaar:jar:1.9.1:runtime
[DEBUG]       org.apache.maven.scm:maven-scm-provider-clearcase:jar:1.9.1:runtime
[DEBUG]       org.apache.maven.scm:maven-scm-provider-cvsexe:jar:1.9.1:runtime
[DEBUG]          org.apache.maven.scm:maven-scm-provider-cvs-commons:jar:1.9.1:runtime
[DEBUG]       org.apache.maven.scm:maven-scm-provider-cvsjava:jar:1.9.1:runtime
[DEBUG]          org.netbeans.lib:cvsclient:jar:20060125:runtime
[DEBUG]          ch.ethz.ganymed:ganymed-ssh2:jar:build210:runtime
[DEBUG]       org.apache.maven.scm:maven-scm-provider-gitexe:jar:1.9.1:runtime
[DEBUG]          commons-io:commons-io:jar:2.2:runtime
[DEBUG]          commons-lang:commons-lang:jar:2.6:runtime
[DEBUG]          org.apache.maven.scm:maven-scm-provider-git-commons:jar:1.9.1:runtime
[DEBUG]       org.apache.maven.scm:maven-scm-provider-hg:jar:1.9.1:runtime
[DEBUG]       org.apache.maven.scm:maven-scm-provider-perforce:jar:1.9.1:runtime
[DEBUG]       org.apache.maven.scm:maven-scm-provider-starteam:jar:1.9.1:runtime
[DEBUG]       org.apache.maven.scm:maven-scm-provider-svnexe:jar:1.9.1:runtime
[DEBUG]       org.apache.maven.scm:maven-scm-provider-synergy:jar:1.9.1:runtime
[DEBUG]       org.apache.maven.scm:maven-scm-provider-vss:jar:1.9.1:runtime
[DEBUG]       org.apache.maven.scm:maven-scm-provider-tfs:jar:1.9.1:runtime
[DEBUG]       org.apache.maven.scm:maven-scm-provider-integrity:jar:1.9.1:runtime
[DEBUG]          com.mks.api:mksapi-jar:jar:4.10.9049:runtime
[DEBUG]          org.codehaus.groovy:groovy-all:jar:1.7.6:runtime
[DEBUG]       org.apache.maven.scm:maven-scm-provider-jazz:jar:1.9.1:runtime
[DEBUG]          org.mockito:mockito-core:jar:1.9.0:runtime
[DEBUG]             org.hamcrest:hamcrest-core:jar:1.1:runtime
[DEBUG]             org.objenesis:objenesis:jar:1.0:runtime
[DEBUG]    org.apache.maven.scm:maven-scm-provider-local:jar:1.9.1:compile
[DEBUG]    org.apache.maven.scm:maven-scm-provider-svn-commons:jar:1.9.1:compile
[DEBUG]    org.codehaus.plexus:plexus-utils:jar:3.0.15:compile
[DEBUG]    org.apache.maven.shared:file-management:jar:1.2.1:compile
[DEBUG]       org.apache.maven.shared:maven-shared-io:jar:1.1:compile
[DEBUG]          org.apache.maven.wagon:wagon-provider-api:jar:1.0-alpha-6:compile
[DEBUG]    org.sonatype.plexus:plexus-sec-dispatcher:jar:1.3:compile
[DEBUG]       org.sonatype.plexus:plexus-cipher:jar:1.4:compile
[DEBUG] Created new class realm plugin>org.apache.maven.plugins:maven-scm-plugin:1.9.1
[DEBUG] Importing foreign packages into class realm plugin>org.apache.maven.plugins:maven-scm-plugin:1.9.1
[DEBUG]   Imported:  < project>smhi:hypeapps-eodata:1.0-SNAPSHOT
[DEBUG] Populating class realm plugin>org.apache.maven.plugins:maven-scm-plugin:1.9.1
[DEBUG]   Included: org.apache.maven.plugins:maven-scm-plugin:jar:1.9.1
[DEBUG]   Included: junit:junit:jar:4.8.2
[DEBUG]   Included: org.apache.maven.scm:maven-scm-manager-plexus:jar:1.9.1
[DEBUG]   Included: org.apache.maven.scm:maven-scm-api:jar:1.9.1
[DEBUG]   Included: org.apache.maven.scm:maven-scm-providers-standard:pom:1.9.1
[DEBUG]   Included: org.apache.maven.scm:maven-scm-provider-accurev:jar:1.9.1
[DEBUG]   Included: org.apache.maven.scm:maven-scm-provider-bazaar:jar:1.9.1
[DEBUG]   Included: org.apache.maven.scm:maven-scm-provider-clearcase:jar:1.9.1
[DEBUG]   Included: org.apache.maven.scm:maven-scm-provider-cvsexe:jar:1.9.1
[DEBUG]   Included: org.apache.maven.scm:maven-scm-provider-cvs-commons:jar:1.9.1
[DEBUG]   Included: org.apache.maven.scm:maven-scm-provider-cvsjava:jar:1.9.1
[DEBUG]   Included: org.netbeans.lib:cvsclient:jar:20060125
[DEBUG]   Included: ch.ethz.ganymed:ganymed-ssh2:jar:build210
[DEBUG]   Included: org.apache.maven.scm:maven-scm-provider-gitexe:jar:1.9.1
[DEBUG]   Included: commons-io:commons-io:jar:2.2
[DEBUG]   Included: commons-lang:commons-lang:jar:2.6
[DEBUG]   Included: org.apache.maven.scm:maven-scm-provider-git-commons:jar:1.9.1
[DEBUG]   Included: org.apache.maven.scm:maven-scm-provider-hg:jar:1.9.1
[DEBUG]   Included: org.apache.maven.scm:maven-scm-provider-perforce:jar:1.9.1
[DEBUG]   Included: org.apache.maven.scm:maven-scm-provider-starteam:jar:1.9.1
[DEBUG]   Included: org.apache.maven.scm:maven-scm-provider-svnexe:jar:1.9.1
[DEBUG]   Included: org.apache.maven.scm:maven-scm-provider-synergy:jar:1.9.1
[DEBUG]   Included: org.apache.maven.scm:maven-scm-provider-vss:jar:1.9.1
[DEBUG]   Included: org.apache.maven.scm:maven-scm-provider-tfs:jar:1.9.1
[DEBUG]   Included: org.apache.maven.scm:maven-scm-provider-integrity:jar:1.9.1
[DEBUG]   Included: com.mks.api:mksapi-jar:jar:4.10.9049
[DEBUG]   Included: org.codehaus.groovy:groovy-all:jar:1.7.6
[DEBUG]   Included: org.apache.maven.scm:maven-scm-provider-jazz:jar:1.9.1
[DEBUG]   Included: org.mockito:mockito-core:jar:1.9.0
[DEBUG]   Included: org.hamcrest:hamcrest-core:jar:1.1
[DEBUG]   Included: org.objenesis:objenesis:jar:1.0
[DEBUG]   Included: org.apache.maven.scm:maven-scm-provider-local:jar:1.9.1
[DEBUG]   Included: org.apache.maven.scm:maven-scm-provider-svn-commons:jar:1.9.1
[DEBUG]   Included: org.codehaus.plexus:plexus-utils:jar:3.0.15
[DEBUG]   Included: org.apache.maven.shared:file-management:jar:1.2.1
[DEBUG]   Included: org.apache.maven.shared:maven-shared-io:jar:1.1
[DEBUG]   Included: org.sonatype.plexus:plexus-sec-dispatcher:jar:1.3
[DEBUG]   Included: org.sonatype.plexus:plexus-cipher:jar:1.4
[DEBUG]   Excluded: org.apache.maven:maven-project:jar:2.0.6
[DEBUG]   Excluded: org.apache.maven:maven-profile:jar:2.0.6
[DEBUG]   Excluded: org.apache.maven:maven-model:jar:2.0.6
[DEBUG]   Excluded: org.apache.maven:maven-artifact-manager:jar:2.0.6
[DEBUG]   Excluded: org.apache.maven:maven-repository-metadata:jar:2.0.6
[DEBUG]   Excluded: org.apache.maven:maven-plugin-registry:jar:2.0.6
[DEBUG]   Excluded: org.apache.maven:maven-artifact:jar:2.0.6
[DEBUG]   Excluded: org.codehaus.plexus:plexus-container-default:jar:1.0-alpha-9
[DEBUG]   Excluded: classworlds:classworlds:jar:1.1-alpha-2
[DEBUG]   Excluded: org.apache.maven:maven-settings:jar:2.0.6
[DEBUG]   Excluded: org.apache.maven:maven-plugin-api:jar:2.0.6
[DEBUG]   Excluded: org.apache.maven.wagon:wagon-provider-api:jar:1.0-alpha-6
[DEBUG] Configuring mojo org.apache.maven.plugins:maven-scm-plugin:1.9.1:validate from plugin realm ClassRealm[plugin>org.apache.maven.plugins:maven-scm-plugin:1.9.1, parent: sun.misc.Launcher$AppClassLoader@1a45a877]
[DEBUG] Configuring mojo 'org.apache.maven.plugins:maven-scm-plugin:1.9.1:validate' with basic configurator -->
[DEBUG]   (f) basedir = /home/dgustafsson/hypeapps-eodata
[DEBUG]   (f) connectionType = connection
[DEBUG]   (s) connectionUrl = scm:git:ssh://git@github.com/hydrology-tep/hypeapps-eodata
[DEBUG]   (f) developerConnectionUrl = scm:git:ssh://git@github.com/hydrology-tep/hypeapps-eodata
[DEBUG]   (f) pushChanges = true
[DEBUG]   (f) scmCheckWorkingDirectoryUrl = true
[DEBUG]   (f) scmConnection = scm:git:ssh://git@github.com/hydrology-tep/hypeapps-eodata
[DEBUG]   (f) scmDeveloperConnection = scm:git:ssh://git@github.com/hydrology-tep/hypeapps-eodata
[DEBUG]   (f) settings = org.apache.maven.execution.SettingsAdapter@38ca6cea
[DEBUG] -- end configuration --
[INFO] connectionUrl scm connection string is valid.
[INFO] project.scm.connection scm connection string is valid.
[INFO] project.scm.developerConnection scm connection string is valid.
[INFO] 
[INFO] --- maven-antrun-plugin:1.6:run (create target) @ hypeapps-eodata ---
[DEBUG] org.apache.maven.plugins:maven-antrun-plugin:jar:1.6:
[DEBUG]    org.apache.maven:maven-plugin-api:jar:2.0.11:compile
[DEBUG]    org.apache.maven:maven-project:jar:2.0.11:compile
[DEBUG]       org.apache.maven:maven-settings:jar:2.0.11:compile
[DEBUG]       org.apache.maven:maven-profile:jar:2.0.11:compile
[DEBUG]       org.apache.maven:maven-model:jar:2.0.11:compile
[DEBUG]       org.apache.maven:maven-artifact-manager:jar:2.0.11:compile
[DEBUG]          org.apache.maven:maven-repository-metadata:jar:2.0.11:compile
[DEBUG]       org.apache.maven:maven-plugin-registry:jar:2.0.11:compile
[DEBUG]       org.codehaus.plexus:plexus-interpolation:jar:1.1:compile
[DEBUG]       org.codehaus.plexus:plexus-container-default:jar:1.0-alpha-9-stable-1:compile
[DEBUG]          junit:junit:jar:3.8.1:compile
[DEBUG]          classworlds:classworlds:jar:1.1-alpha-2:compile
[DEBUG]    org.apache.maven:maven-artifact:jar:2.0.11:compile
[DEBUG]    org.codehaus.plexus:plexus-utils:jar:2.0.5:compile
[DEBUG]    org.apache.ant:ant-nodeps:jar:1.8.1:compile
[DEBUG]       org.apache.ant:ant:jar:1.8.1:compile
[DEBUG]          org.apache.ant:ant-launcher:jar:1.8.1:compile
[DEBUG] Created new class realm plugin>org.apache.maven.plugins:maven-antrun-plugin:1.6
[DEBUG] Importing foreign packages into class realm plugin>org.apache.maven.plugins:maven-antrun-plugin:1.6
[DEBUG]   Imported:  < project>smhi:hypeapps-eodata:1.0-SNAPSHOT
[DEBUG] Populating class realm plugin>org.apache.maven.plugins:maven-antrun-plugin:1.6
[DEBUG]   Included: org.apache.maven.plugins:maven-antrun-plugin:jar:1.6
[DEBUG]   Included: org.codehaus.plexus:plexus-interpolation:jar:1.1
[DEBUG]   Included: junit:junit:jar:3.8.1
[DEBUG]   Included: org.codehaus.plexus:plexus-utils:jar:2.0.5
[DEBUG]   Included: org.apache.ant:ant-nodeps:jar:1.8.1
[DEBUG]   Included: org.apache.ant:ant:jar:1.8.1
[DEBUG]   Included: org.apache.ant:ant-launcher:jar:1.8.1
[DEBUG]   Excluded: org.apache.maven:maven-plugin-api:jar:2.0.11
[DEBUG]   Excluded: org.apache.maven:maven-project:jar:2.0.11
[DEBUG]   Excluded: org.apache.maven:maven-settings:jar:2.0.11
[DEBUG]   Excluded: org.apache.maven:maven-profile:jar:2.0.11
[DEBUG]   Excluded: org.apache.maven:maven-model:jar:2.0.11
[DEBUG]   Excluded: org.apache.maven:maven-artifact-manager:jar:2.0.11
[DEBUG]   Excluded: org.apache.maven:maven-repository-metadata:jar:2.0.11
[DEBUG]   Excluded: org.apache.maven:maven-plugin-registry:jar:2.0.11
[DEBUG]   Excluded: org.codehaus.plexus:plexus-container-default:jar:1.0-alpha-9-stable-1
[DEBUG]   Excluded: classworlds:classworlds:jar:1.1-alpha-2
[DEBUG]   Excluded: org.apache.maven:maven-artifact:jar:2.0.11
[DEBUG] Configuring mojo org.apache.maven.plugins:maven-antrun-plugin:1.6:run from plugin realm ClassRealm[plugin>org.apache.maven.plugins:maven-antrun-plugin:1.6, parent: sun.misc.Launcher$AppClassLoader@1a45a877]
[DEBUG] Configuring mojo 'org.apache.maven.plugins:maven-antrun-plugin:1.6:run' with basic configurator -->
[DEBUG]   (f) localRepository =        id: local
      url: file:///home/dgustafsson/.m2/repository/
   layout: none

[DEBUG]   (f) pluginArtifacts = [org.apache.maven.plugins:maven-antrun-plugin:maven-plugin:1.6:, org.codehaus.plexus:plexus-interpolation:jar:1.1:compile, junit:junit:jar:3.8.1:compile, org.codehaus.plexus:plexus-utils:jar:2.0.5:compile, org.apache.ant:ant-nodeps:jar:1.8.1:compile, org.apache.ant:ant:jar:1.8.1:compile, org.apache.ant:ant-launcher:jar:1.8.1:compile]
[DEBUG]   (f) project = MavenProject: smhi:hypeapps-eodata:1.0-SNAPSHOT @ /home/dgustafsson/hypeapps-eodata/pom.xml
[DEBUG]   (f) target = <target><mkdir dir="/home/dgustafsson/hypeapps-eodata/target"/>
</target>

[DEBUG]   (f) versionsPropertyName = maven.project.dependencies.versions
[DEBUG] -- end configuration --
Project base dir set to: /home/dgustafsson/hypeapps-eodata
Adding reference: maven.dependency.classpath
Adding reference: maven.compile.classpath
Adding reference: maven.runtime.classpath
Adding reference: maven.test.classpath
Adding reference: maven.plugin.classpath
Adding reference: maven.project
Adding reference: maven.project.helper
Adding reference: maven.local.repository
[DEBUG] Initialize Maven Ant Tasks
parsing buildfile jar:file:/home/dgustafsson/.m2/repository/org/apache/maven/plugins/maven-antrun-plugin/1.6/maven-antrun-plugin-1.6.jar!/org/apache/maven/ant/tasks/antlib.xml with URI = jar:file:/home/dgustafsson/.m2/repository/org/apache/maven/plugins/maven-antrun-plugin/1.6/maven-antrun-plugin-1.6.jar!/org/apache/maven/ant/tasks/antlib.xml from a zip file
parsing buildfile jar:file:/home/dgustafsson/.m2/repository/org/apache/ant/ant/1.8.1/ant-1.8.1.jar!/org/apache/tools/ant/antlib.xml with URI = jar:file:/home/dgustafsson/.m2/repository/org/apache/ant/ant/1.8.1/ant-1.8.1.jar!/org/apache/tools/ant/antlib.xml from a zip file
Class org.apache.maven.ant.tasks.AttachArtifactTask loaded from parent loader (parentFirst)
 +Datatype attachartifact org.apache.maven.ant.tasks.AttachArtifactTask
Class org.apache.maven.ant.tasks.DependencyFilesetsTask loaded from parent loader (parentFirst)
 +Datatype dependencyfilesets org.apache.maven.ant.tasks.DependencyFilesetsTask
Setting project property: archetypeCatalog -> local
Setting project property: maven.build.timestamp.format -> yyyy-MM-dd HH:mm:ssZ
Setting project property: rpmBasedir -> /home/dgustafsson/hypeapps-eodata/target/rpm
Setting project property: yumRepoType -> testing
Setting project property: env -> sandbox
Setting project property: rpmTopdir -> /home/dgustafsson/hypeapps-eodata/target/rpm/hypeapps-eodata
Setting project property: project.reporting.outputEncoding -> UTF-8
Setting project property: summary -> H-TEP Hydrological Modelling Thematic Application - EO data pre-processing
Setting project property: project.build.sourceEncoding -> UTF-8
Setting project property: yumRepo -> hydrology-tep
Setting project property: description -> H-TEP Hydrological Modelling Thematic Application - EO data pre-processing
Setting project property: community -> hydro-tep
Setting project property: implementation.build -> ${scmBranch}@r${buildNumber};2017-06-01 09:25:27+0200
Setting project property: project.build.resourceEncoding -> UTF-8
Setting project property: ant.file -> /home/dgustafsson/hypeapps-eodata/pom.xml
[DEBUG] Setting properties with prefix: 
Setting project property: project.groupId -> smhi
Setting project property: project.artifactId -> hypeapps-eodata
Setting project property: project.name -> hypeapps-eodata
Setting project property: project.description -> H-TEP Hydrological Modelling Application - EO data pre-processing
Setting project property: project.version -> 1.0-SNAPSHOT
Setting project property: project.packaging -> pom
Setting project property: project.build.directory -> /home/dgustafsson/hypeapps-eodata/target
Setting project property: project.build.outputDirectory -> /home/dgustafsson/hypeapps-eodata/target/classes
Setting project property: project.build.testOutputDirectory -> /home/dgustafsson/hypeapps-eodata/target/test-classes
Setting project property: project.build.sourceDirectory -> /home/dgustafsson/hypeapps-eodata/src/main/java
Setting project property: project.build.testSourceDirectory -> /home/dgustafsson/hypeapps-eodata/src/test/java
Setting project property: localRepository ->        id: local
      url: file:///home/dgustafsson/.m2/repository/
   layout: none
Setting project property: settings.localRepository -> /home/dgustafsson/.m2/repository
Setting project property: maven.project.dependencies.versions -> 
[INFO] Executing tasks
Build sequence for target(s) `main' is [main]
Complete build sequence is [main, ]

main:
    [mkdir] Skipping /home/dgustafsson/hypeapps-eodata/target because it already exists.
[INFO] Executed tasks
[INFO] 
[INFO] --- exec-maven-plugin:1.3.1:exec (Anaconda packages list) @ hypeapps-eodata ---
[DEBUG] org.codehaus.mojo:exec-maven-plugin:jar:1.3.1:
[DEBUG]    org.apache.maven:maven-toolchain:jar:1.0:compile
[DEBUG]    org.apache.maven:maven-project:jar:2.0.6:compile
[DEBUG]       org.apache.maven:maven-settings:jar:2.0.6:compile
[DEBUG]       org.apache.maven:maven-profile:jar:2.0.6:compile
[DEBUG]       org.apache.maven:maven-plugin-registry:jar:2.0.6:compile
[DEBUG]       org.codehaus.plexus:plexus-container-default:jar:1.0-alpha-9-stable-1:compile
[DEBUG]          junit:junit:jar:4.11:test (scope managed from compile) (version managed from 3.8.1)
[DEBUG]             org.hamcrest:hamcrest-core:jar:1.3:test
[DEBUG]    org.apache.maven:maven-model:jar:2.0.6:compile
[DEBUG]    org.apache.maven:maven-artifact:jar:2.0.6:compile
[DEBUG]    org.apache.maven:maven-artifact-manager:jar:2.0.6:compile
[DEBUG]       org.apache.maven:maven-repository-metadata:jar:2.0.6:compile
[DEBUG]    org.apache.maven:maven-core:jar:2.0.6:compile
[DEBUG]       org.apache.maven:maven-plugin-parameter-documenter:jar:2.0.6:compile
[DEBUG]       org.apache.maven.reporting:maven-reporting-api:jar:2.0.6:compile
[DEBUG]       org.apache.maven:maven-error-diagnostics:jar:2.0.6:compile
[DEBUG]       commons-cli:commons-cli:jar:1.0:compile
[DEBUG]       org.apache.maven:maven-plugin-descriptor:jar:2.0.6:compile
[DEBUG]       org.codehaus.plexus:plexus-interactivity-api:jar:1.0-alpha-4:compile
[DEBUG]       org.apache.maven:maven-monitor:jar:2.0.6:compile
[DEBUG]       classworlds:classworlds:jar:1.1:compile
[DEBUG]    org.apache.maven:maven-plugin-api:jar:2.0.6:compile
[DEBUG]    org.codehaus.plexus:plexus-utils:jar:3.0.15:compile
[DEBUG]    org.apache.maven.plugins:maven-plugin-plugin:jar:3.2:compile
[DEBUG]       org.apache.maven.plugin-tools:maven-plugin-tools-annotations:jar:3.2:compile
[DEBUG]          org.apache.maven.plugin-tools:maven-plugin-annotations:jar:3.2:compile
[DEBUG]          org.codehaus.plexus:plexus-component-annotations:jar:1.5.5:compile
[DEBUG]          asm:asm:jar:3.3.1:compile
[DEBUG]          asm:asm-commons:jar:3.3.1:compile
[DEBUG]             asm:asm-tree:jar:3.3.1:compile
[DEBUG]          org.codehaus.plexus:plexus-archiver:jar:2.1.1:compile
[DEBUG]             org.codehaus.plexus:plexus-io:jar:2.0.3:compile
[DEBUG]          com.thoughtworks.qdox:qdox:jar:1.12.1:compile
[DEBUG]       org.apache.maven.doxia:doxia-sink-api:jar:1.2:compile
[DEBUG]          org.apache.maven.doxia:doxia-logging-api:jar:1.2:compile
[DEBUG]       org.apache.maven.doxia:doxia-site-renderer:jar:1.2:compile
[DEBUG]          org.apache.maven.doxia:doxia-core:jar:1.2:compile
[DEBUG]             xerces:xercesImpl:jar:2.9.1:compile
[DEBUG]             org.apache.httpcomponents:httpclient:jar:4.0.2:compile
[DEBUG]                org.apache.httpcomponents:httpcore:jar:4.0.1:compile
[DEBUG]                commons-codec:commons-codec:jar:1.3:compile
[DEBUG]          org.apache.maven.doxia:doxia-decoration-model:jar:1.2:compile
[DEBUG]          org.apache.maven.doxia:doxia-module-xhtml:jar:1.2:compile
[DEBUG]          org.apache.maven.doxia:doxia-module-fml:jar:1.2:compile
[DEBUG]          org.codehaus.plexus:plexus-i18n:jar:1.0-beta-7:compile
[DEBUG]          commons-collections:commons-collections:jar:3.2.1:compile
[DEBUG]       org.apache.maven.plugin-tools:maven-plugin-tools-api:jar:3.2:compile
[DEBUG]       org.apache.maven.plugin-tools:maven-plugin-tools-generators:jar:3.2:compile
[DEBUG]          net.sf.jtidy:jtidy:jar:r938:compile
[DEBUG]       org.apache.maven.reporting:maven-reporting-impl:jar:2.1:compile
[DEBUG]          commons-validator:commons-validator:jar:1.2.0:compile
[DEBUG]             commons-beanutils:commons-beanutils:jar:1.7.0:compile
[DEBUG]             commons-digester:commons-digester:jar:1.6:compile
[DEBUG]             commons-logging:commons-logging:jar:1.0.4:compile
[DEBUG]             oro:oro:jar:2.0.8:compile
[DEBUG]             xml-apis:xml-apis:jar:1.0.b2:compile
[DEBUG]       org.apache.maven.plugin-tools:maven-plugin-tools-java:jar:3.2:runtime
[DEBUG]       org.apache.maven.plugin-tools:maven-plugin-tools-beanshell:jar:3.2:runtime
[DEBUG]          bsh:bsh:jar:1.3.0:runtime
[DEBUG]       org.apache.maven.plugin-tools:maven-plugin-tools-model:jar:3.2:runtime
[DEBUG]       org.codehaus.plexus:plexus-velocity:jar:1.1.8:compile
[DEBUG]       org.apache.velocity:velocity:jar:1.7:compile
[DEBUG]          commons-lang:commons-lang:jar:2.4:compile
[DEBUG]    org.apache.commons:commons-exec:jar:1.2:compile
[DEBUG] Created new class realm plugin>org.codehaus.mojo:exec-maven-plugin:1.3.1
[DEBUG] Importing foreign packages into class realm plugin>org.codehaus.mojo:exec-maven-plugin:1.3.1
[DEBUG]   Imported:  < project>smhi:hypeapps-eodata:1.0-SNAPSHOT
[DEBUG] Populating class realm plugin>org.codehaus.mojo:exec-maven-plugin:1.3.1
[DEBUG]   Included: org.codehaus.mojo:exec-maven-plugin:jar:1.3.1
[DEBUG]   Included: org.apache.maven.reporting:maven-reporting-api:jar:2.0.6
[DEBUG]   Included: commons-cli:commons-cli:jar:1.0
[DEBUG]   Included: org.codehaus.plexus:plexus-interactivity-api:jar:1.0-alpha-4
[DEBUG]   Included: org.codehaus.plexus:plexus-utils:jar:3.0.15
[DEBUG]   Included: org.apache.maven.plugins:maven-plugin-plugin:jar:3.2
[DEBUG]   Included: org.apache.maven.plugin-tools:maven-plugin-tools-annotations:jar:3.2
[DEBUG]   Included: org.apache.maven.plugin-tools:maven-plugin-annotations:jar:3.2
[DEBUG]   Included: org.codehaus.plexus:plexus-component-annotations:jar:1.5.5
[DEBUG]   Included: asm:asm:jar:3.3.1
[DEBUG]   Included: asm:asm-commons:jar:3.3.1
[DEBUG]   Included: asm:asm-tree:jar:3.3.1
[DEBUG]   Included: org.codehaus.plexus:plexus-archiver:jar:2.1.1
[DEBUG]   Included: org.codehaus.plexus:plexus-io:jar:2.0.3
[DEBUG]   Included: com.thoughtworks.qdox:qdox:jar:1.12.1
[DEBUG]   Included: org.apache.maven.doxia:doxia-sink-api:jar:1.2
[DEBUG]   Included: org.apache.maven.doxia:doxia-logging-api:jar:1.2
[DEBUG]   Included: org.apache.maven.doxia:doxia-site-renderer:jar:1.2
[DEBUG]   Included: org.apache.maven.doxia:doxia-core:jar:1.2
[DEBUG]   Included: xerces:xercesImpl:jar:2.9.1
[DEBUG]   Included: org.apache.httpcomponents:httpclient:jar:4.0.2
[DEBUG]   Included: org.apache.httpcomponents:httpcore:jar:4.0.1
[DEBUG]   Included: commons-codec:commons-codec:jar:1.3
[DEBUG]   Included: org.apache.maven.doxia:doxia-decoration-model:jar:1.2
[DEBUG]   Included: org.apache.maven.doxia:doxia-module-xhtml:jar:1.2
[DEBUG]   Included: org.apache.maven.doxia:doxia-module-fml:jar:1.2
[DEBUG]   Included: org.codehaus.plexus:plexus-i18n:jar:1.0-beta-7
[DEBUG]   Included: commons-collections:commons-collections:jar:3.2.1
[DEBUG]   Included: org.apache.maven.plugin-tools:maven-plugin-tools-api:jar:3.2
[DEBUG]   Included: org.apache.maven.plugin-tools:maven-plugin-tools-generators:jar:3.2
[DEBUG]   Included: net.sf.jtidy:jtidy:jar:r938
[DEBUG]   Included: org.apache.maven.reporting:maven-reporting-impl:jar:2.1
[DEBUG]   Included: commons-validator:commons-validator:jar:1.2.0
[DEBUG]   Included: commons-beanutils:commons-beanutils:jar:1.7.0
[DEBUG]   Included: commons-digester:commons-digester:jar:1.6
[DEBUG]   Included: commons-logging:commons-logging:jar:1.0.4
[DEBUG]   Included: oro:oro:jar:2.0.8
[DEBUG]   Included: xml-apis:xml-apis:jar:1.0.b2
[DEBUG]   Included: org.apache.maven.plugin-tools:maven-plugin-tools-java:jar:3.2
[DEBUG]   Included: org.apache.maven.plugin-tools:maven-plugin-tools-beanshell:jar:3.2
[DEBUG]   Included: bsh:bsh:jar:1.3.0
[DEBUG]   Included: org.apache.maven.plugin-tools:maven-plugin-tools-model:jar:3.2
[DEBUG]   Included: org.codehaus.plexus:plexus-velocity:jar:1.1.8
[DEBUG]   Included: org.apache.velocity:velocity:jar:1.7
[DEBUG]   Included: commons-lang:commons-lang:jar:2.4
[DEBUG]   Included: org.apache.commons:commons-exec:jar:1.2
[DEBUG]   Excluded: org.apache.maven:maven-toolchain:jar:1.0
[DEBUG]   Excluded: org.apache.maven:maven-project:jar:2.0.6
[DEBUG]   Excluded: org.apache.maven:maven-settings:jar:2.0.6
[DEBUG]   Excluded: org.apache.maven:maven-profile:jar:2.0.6
[DEBUG]   Excluded: org.apache.maven:maven-plugin-registry:jar:2.0.6
[DEBUG]   Excluded: org.codehaus.plexus:plexus-container-default:jar:1.0-alpha-9-stable-1
[DEBUG]   Excluded: junit:junit:jar:4.11
[DEBUG]   Excluded: org.hamcrest:hamcrest-core:jar:1.3
[DEBUG]   Excluded: org.apache.maven:maven-model:jar:2.0.6
[DEBUG]   Excluded: org.apache.maven:maven-artifact:jar:2.0.6
[DEBUG]   Excluded: org.apache.maven:maven-artifact-manager:jar:2.0.6
[DEBUG]   Excluded: org.apache.maven:maven-repository-metadata:jar:2.0.6
[DEBUG]   Excluded: org.apache.maven:maven-core:jar:2.0.6
[DEBUG]   Excluded: org.apache.maven:maven-plugin-parameter-documenter:jar:2.0.6
[DEBUG]   Excluded: org.apache.maven:maven-error-diagnostics:jar:2.0.6
[DEBUG]   Excluded: org.apache.maven:maven-plugin-descriptor:jar:2.0.6
[DEBUG]   Excluded: org.apache.maven:maven-monitor:jar:2.0.6
[DEBUG]   Excluded: classworlds:classworlds:jar:1.1
[DEBUG]   Excluded: org.apache.maven:maven-plugin-api:jar:2.0.6
[DEBUG] Configuring mojo org.codehaus.mojo:exec-maven-plugin:1.3.1:exec from plugin realm ClassRealm[plugin>org.codehaus.mojo:exec-maven-plugin:1.3.1, parent: sun.misc.Launcher$AppClassLoader@1a45a877]
[DEBUG] Configuring mojo 'org.codehaus.mojo:exec-maven-plugin:1.3.1:exec' with basic configurator -->
[DEBUG]   (f) arguments = [list, -e]
[DEBUG]   (f) basedir = /home/dgustafsson/hypeapps-eodata
[DEBUG]   (f) classpathScope = runtime
[DEBUG]   (f) executable = conda
[DEBUG]   (f) failWithEmptyArgument = true
[DEBUG]   (f) failWithNullKeyOrValueInEnvironment = true
[DEBUG]   (f) longClasspath = false
[DEBUG]   (f) outputFile = /home/dgustafsson/hypeapps-eodata/src/main/app-resources/dependencies/R/packages.list
[DEBUG]   (f) project = MavenProject: smhi:hypeapps-eodata:1.0-SNAPSHOT @ /home/dgustafsson/hypeapps-eodata/pom.xml
[DEBUG]   (f) skip = false
[DEBUG]   (f) session = org.apache.maven.execution.MavenSession@e235e9d
[DEBUG] -- end configuration --
[DEBUG] env: ANACONDA_HOME=/opt/anaconda
[DEBUG] env: CVS_RSH=ssh
[DEBUG] env: G_BROKEN_FILENAMES=1
[DEBUG] env: HISTCONTROL=ignoredups
[DEBUG] env: HISTSIZE=1000
[DEBUG] env: HOME=/home/dgustafsson
[DEBUG] env: HOSTNAME=sb-10-15-36-24.hydro.terradue.int
[DEBUG] env: JAVA_HOME=/usr/java/jdk1.6.0_35
[DEBUG] env: LANG=en_US.utf-8
[DEBUG] env: LC_ALL=en_US.utf-8
[DEBUG] env: LD_LIBRARY_PATH=/usr/java/jdk1.6.0_35/jre/lib/amd64/server:/usr/java/jdk1.6.0_35/jre/lib/amd64:/usr/java/jdk1.6.0_35/jre/../lib/amd64
[DEBUG] env: LESSOPEN=||/usr/bin/lesspipe.sh %s
[DEBUG] env: LOGNAME=dgustafsson
[DEBUG] env: LS_COLORS=rs=0:di=01;34:ln=01;36:mh=00:pi=40;33:so=01;35:do=01;35:bd=40;33;01:cd=40;33;01:or=40;31;01:mi=01;05;37;41:su=37;41:sg=30;43:ca=30;41:tw=30;42:ow=34;42:st=37;44:ex=01;32:*.tar=01;31:*.tgz=01;31:*.arj=01;31:*.taz=01;31:*.lzh=01;31:*.lzma=01;31:*.tlz=01;31:*.txz=01;31:*.zip=01;31:*.z=01;31:*.Z=01;31:*.dz=01;31:*.gz=01;31:*.lz=01;31:*.xz=01;31:*.bz2=01;31:*.tbz=01;31:*.tbz2=01;31:*.bz=01;31:*.tz=01;31:*.deb=01;31:*.rpm=01;31:*.jar=01;31:*.rar=01;31:*.ace=01;31:*.zoo=01;31:*.cpio=01;31:*.7z=01;31:*.rz=01;31:*.jpg=01;35:*.jpeg=01;35:*.gif=01;35:*.bmp=01;35:*.pbm=01;35:*.pgm=01;35:*.ppm=01;35:*.tga=01;35:*.xbm=01;35:*.xpm=01;35:*.tif=01;35:*.tiff=01;35:*.png=01;35:*.svg=01;35:*.svgz=01;35:*.mng=01;35:*.pcx=01;35:*.mov=01;35:*.mpg=01;35:*.mpeg=01;35:*.m2v=01;35:*.mkv=01;35:*.ogm=01;35:*.mp4=01;35:*.m4v=01;35:*.mp4v=01;35:*.vob=01;35:*.qt=01;35:*.nuv=01;35:*.wmv=01;35:*.asf=01;35:*.rm=01;35:*.rmvb=01;35:*.flc=01;35:*.avi=01;35:*.fli=01;35:*.flv=01;35:*.gl=01;35:*.dl=01;35:*.xcf=01;35:*.xwd=01;35:*.yuv=01;35:*.cgm=01;35:*.emf=01;35:*.axv=01;35:*.anx=01;35:*.ogv=01;35:*.ogx=01;35:*.aac=01;36:*.au=01;36:*.flac=01;36:*.mid=01;36:*.midi=01;36:*.mka=01;36:*.mp3=01;36:*.mpc=01;36:*.ogg=01;36:*.ra=01;36:*.wav=01;36:*.axa=01;36:*.oga=01;36:*.spx=01;36:*.xspf=01;36:
[DEBUG] env: MAIL=/var/spool/mail/dgustafsson
[DEBUG] env: NLSPATH=/usr/dt/lib/nls/msg/%L/%N.cat
[DEBUG] env: OLDPWD=/home/dgustafsson/hypeapps-eodata
[DEBUG] env: PATH=/opt/anaconda/bin/:/usr/lib64/qt-3.3/bin:/usr/local/bin:/bin:/usr/bin:/usr/local/sbin:/usr/sbin:/sbin:/home/dgustafsson/bin
[DEBUG] env: PWD=/home/dgustafsson/hypeapps-eodata
[DEBUG] env: QTDIR=/usr/lib64/qt-3.3
[DEBUG] env: QTINC=/usr/lib64/qt-3.3/include
[DEBUG] env: QTLIB=/usr/lib64/qt-3.3/lib
[DEBUG] env: SHELL=/bin/bash
[DEBUG] env: SHLVL=1
[DEBUG] env: SHUNIT2_HOME=/usr/share/shunit2
[DEBUG] env: SSH_CLIENT=10.15.36.1 61653 22
[DEBUG] env: SSH_CONNECTION=10.15.36.1 61653 10.15.36.24 22
[DEBUG] env: SSH_TTY=/dev/pts/0
[DEBUG] env: TERM=xterm
[DEBUG] env: USER=dgustafsson
[DEBUG] env: XFILESEARCHPATH=/usr/dt/app-defaults/%L/Dt
[DEBUG] env: _CIOP_APPLICATION_PATH=/application
[DEBUG] env: _CIOP_CQI_LOCATION=http://localhost/catalogue/sandbox
[DEBUG] env: _CIOP_RUN_PATH=/ciop/run
[DEBUG] env: _CIOP_SHARE_PATH=/share
[DEBUG] Executing command line: [conda, list, -e]
[INFO] 
[INFO] --- maven-install-plugin:2.3.1:install (default-install) @ hypeapps-eodata ---
[DEBUG] org.apache.maven.plugins:maven-install-plugin:jar:2.3.1:
[DEBUG]    org.apache.maven:maven-plugin-api:jar:2.0.6:compile
[DEBUG]    org.apache.maven:maven-project:jar:2.0.6:compile
[DEBUG]       org.apache.maven:maven-settings:jar:2.0.6:compile
[DEBUG]       org.apache.maven:maven-profile:jar:2.0.6:compile
[DEBUG]       org.apache.maven:maven-plugin-registry:jar:2.0.6:compile
[DEBUG]       org.codehaus.plexus:plexus-container-default:jar:1.0-alpha-9-stable-1:compile
[DEBUG]          junit:junit:jar:3.8.1:compile
[DEBUG]          classworlds:classworlds:jar:1.1-alpha-2:compile
[DEBUG]    org.apache.maven:maven-model:jar:2.0.6:compile
[DEBUG]    org.apache.maven:maven-artifact-manager:jar:2.0.6:compile
[DEBUG]       org.apache.maven:maven-repository-metadata:jar:2.0.6:compile
[DEBUG]    org.apache.maven:maven-artifact:jar:2.0.6:compile
[DEBUG]    org.codehaus.plexus:plexus-utils:jar:2.0.5:compile
[DEBUG]    org.codehaus.plexus:plexus-digest:jar:1.0:compile
[DEBUG] Created new class realm plugin>org.apache.maven.plugins:maven-install-plugin:2.3.1
[DEBUG] Importing foreign packages into class realm plugin>org.apache.maven.plugins:maven-install-plugin:2.3.1
[DEBUG]   Imported:  < project>smhi:hypeapps-eodata:1.0-SNAPSHOT
[DEBUG] Populating class realm plugin>org.apache.maven.plugins:maven-install-plugin:2.3.1
[DEBUG]   Included: org.apache.maven.plugins:maven-install-plugin:jar:2.3.1
[DEBUG]   Included: junit:junit:jar:3.8.1
[DEBUG]   Included: org.codehaus.plexus:plexus-utils:jar:2.0.5
[DEBUG]   Included: org.codehaus.plexus:plexus-digest:jar:1.0
[DEBUG]   Excluded: org.apache.maven:maven-plugin-api:jar:2.0.6
[DEBUG]   Excluded: org.apache.maven:maven-project:jar:2.0.6
[DEBUG]   Excluded: org.apache.maven:maven-settings:jar:2.0.6
[DEBUG]   Excluded: org.apache.maven:maven-profile:jar:2.0.6
[DEBUG]   Excluded: org.apache.maven:maven-plugin-registry:jar:2.0.6
[DEBUG]   Excluded: org.codehaus.plexus:plexus-container-default:jar:1.0-alpha-9-stable-1
[DEBUG]   Excluded: classworlds:classworlds:jar:1.1-alpha-2
[DEBUG]   Excluded: org.apache.maven:maven-model:jar:2.0.6
[DEBUG]   Excluded: org.apache.maven:maven-artifact-manager:jar:2.0.6
[DEBUG]   Excluded: org.apache.maven:maven-repository-metadata:jar:2.0.6
[DEBUG]   Excluded: org.apache.maven:maven-artifact:jar:2.0.6
[DEBUG] Configuring mojo org.apache.maven.plugins:maven-install-plugin:2.3.1:install from plugin realm ClassRealm[plugin>org.apache.maven.plugins:maven-install-plugin:2.3.1, parent: sun.misc.Launcher$AppClassLoader@1a45a877]
[DEBUG] Configuring mojo 'org.apache.maven.plugins:maven-install-plugin:2.3.1:install' with basic configurator -->
[DEBUG]   (f) artifact = smhi:hypeapps-eodata:pom:1.0-SNAPSHOT
[DEBUG]   (f) attachedArtifacts = []
[DEBUG]   (f) createChecksum = false
[DEBUG]   (f) localRepository =        id: local
      url: file:///home/dgustafsson/.m2/repository/
   layout: none

[DEBUG]   (f) packaging = pom
[DEBUG]   (f) pomFile = /home/dgustafsson/hypeapps-eodata/pom.xml
[DEBUG]   (f) updateReleaseInfo = false
[DEBUG] -- end configuration --
[INFO] Installing /home/dgustafsson/hypeapps-eodata/pom.xml to /home/dgustafsson/.m2/repository/smhi/hypeapps-eodata/1.0-SNAPSHOT/hypeapps-eodata-1.0-SNAPSHOT.pom
[DEBUG] Writing resolution tracking file /home/dgustafsson/.m2/repository/smhi/hypeapps-eodata/1.0-SNAPSHOT/_maven.repositories
[DEBUG] Installing smhi:hypeapps-eodata:1.0-SNAPSHOT/maven-metadata.xml to /home/dgustafsson/.m2/repository/smhi/hypeapps-eodata/1.0-SNAPSHOT/maven-metadata-local.xml
[DEBUG] Installing smhi:hypeapps-eodata/maven-metadata.xml to /home/dgustafsson/.m2/repository/smhi/hypeapps-eodata/maven-metadata-local.xml
[INFO] 
[INFO] --- maven-resources-plugin:2.6:copy-resources (copy-app-resources) @ hypeapps-eodata ---
[DEBUG] org.apache.maven.plugins:maven-resources-plugin:jar:2.6:
[DEBUG]    org.apache.maven:maven-plugin-api:jar:2.0.6:compile
[DEBUG]    org.apache.maven:maven-project:jar:2.0.6:compile
[DEBUG]       org.apache.maven:maven-profile:jar:2.0.6:compile
[DEBUG]       org.apache.maven:maven-artifact-manager:jar:2.0.6:compile
[DEBUG]       org.apache.maven:maven-plugin-registry:jar:2.0.6:compile
[DEBUG]    org.apache.maven:maven-core:jar:2.0.6:compile
[DEBUG]       org.apache.maven:maven-plugin-parameter-documenter:jar:2.0.6:compile
[DEBUG]       org.apache.maven.reporting:maven-reporting-api:jar:2.0.6:compile
[DEBUG]          org.apache.maven.doxia:doxia-sink-api:jar:1.0-alpha-7:compile
[DEBUG]       org.apache.maven:maven-repository-metadata:jar:2.0.6:compile
[DEBUG]       org.apache.maven:maven-error-diagnostics:jar:2.0.6:compile
[DEBUG]       commons-cli:commons-cli:jar:1.0:compile
[DEBUG]       org.apache.maven:maven-plugin-descriptor:jar:2.0.6:compile
[DEBUG]       org.codehaus.plexus:plexus-interactivity-api:jar:1.0-alpha-4:compile
[DEBUG]       classworlds:classworlds:jar:1.1:compile
[DEBUG]    org.apache.maven:maven-artifact:jar:2.0.6:compile
[DEBUG]    org.apache.maven:maven-settings:jar:2.0.6:compile
[DEBUG]    org.apache.maven:maven-model:jar:2.0.6:compile
[DEBUG]    org.apache.maven:maven-monitor:jar:2.0.6:compile
[DEBUG]    org.codehaus.plexus:plexus-container-default:jar:1.0-alpha-9-stable-1:compile
[DEBUG]       junit:junit:jar:3.8.1:compile
[DEBUG]    org.codehaus.plexus:plexus-utils:jar:2.0.5:compile
[DEBUG]    org.apache.maven.shared:maven-filtering:jar:1.1:compile
[DEBUG]       org.sonatype.plexus:plexus-build-api:jar:0.0.4:compile
[DEBUG]    org.codehaus.plexus:plexus-interpolation:jar:1.13:compile
[DEBUG] Created new class realm plugin>org.apache.maven.plugins:maven-resources-plugin:2.6
[DEBUG] Importing foreign packages into class realm plugin>org.apache.maven.plugins:maven-resources-plugin:2.6
[DEBUG]   Imported:  < project>smhi:hypeapps-eodata:1.0-SNAPSHOT
[DEBUG] Populating class realm plugin>org.apache.maven.plugins:maven-resources-plugin:2.6
[DEBUG]   Included: org.apache.maven.plugins:maven-resources-plugin:jar:2.6
[DEBUG]   Included: org.apache.maven.reporting:maven-reporting-api:jar:2.0.6
[DEBUG]   Included: org.apache.maven.doxia:doxia-sink-api:jar:1.0-alpha-7
[DEBUG]   Included: commons-cli:commons-cli:jar:1.0
[DEBUG]   Included: org.codehaus.plexus:plexus-interactivity-api:jar:1.0-alpha-4
[DEBUG]   Included: junit:junit:jar:3.8.1
[DEBUG]   Included: org.codehaus.plexus:plexus-utils:jar:2.0.5
[DEBUG]   Included: org.apache.maven.shared:maven-filtering:jar:1.1
[DEBUG]   Included: org.sonatype.plexus:plexus-build-api:jar:0.0.4
[DEBUG]   Included: org.codehaus.plexus:plexus-interpolation:jar:1.13
[DEBUG]   Excluded: org.apache.maven:maven-plugin-api:jar:2.0.6
[DEBUG]   Excluded: org.apache.maven:maven-project:jar:2.0.6
[DEBUG]   Excluded: org.apache.maven:maven-profile:jar:2.0.6
[DEBUG]   Excluded: org.apache.maven:maven-artifact-manager:jar:2.0.6
[DEBUG]   Excluded: org.apache.maven:maven-plugin-registry:jar:2.0.6
[DEBUG]   Excluded: org.apache.maven:maven-core:jar:2.0.6
[DEBUG]   Excluded: org.apache.maven:maven-plugin-parameter-documenter:jar:2.0.6
[DEBUG]   Excluded: org.apache.maven:maven-repository-metadata:jar:2.0.6
[DEBUG]   Excluded: org.apache.maven:maven-error-diagnostics:jar:2.0.6
[DEBUG]   Excluded: org.apache.maven:maven-plugin-descriptor:jar:2.0.6
[DEBUG]   Excluded: classworlds:classworlds:jar:1.1
[DEBUG]   Excluded: org.apache.maven:maven-artifact:jar:2.0.6
[DEBUG]   Excluded: org.apache.maven:maven-settings:jar:2.0.6
[DEBUG]   Excluded: org.apache.maven:maven-model:jar:2.0.6
[DEBUG]   Excluded: org.apache.maven:maven-monitor:jar:2.0.6
[DEBUG]   Excluded: org.codehaus.plexus:plexus-container-default:jar:1.0-alpha-9-stable-1
[DEBUG] Configuring mojo org.apache.maven.plugins:maven-resources-plugin:2.6:copy-resources from plugin realm ClassRealm[plugin>org.apache.maven.plugins:maven-resources-plugin:2.6, parent: sun.misc.Launcher$AppClassLoader@1a45a877]
[DEBUG] Configuring mojo 'org.apache.maven.plugins:maven-resources-plugin:2.6:copy-resources' with basic configurator -->
[DEBUG]   (f) buildFilters = []
[DEBUG]   (f) encoding = UTF-8
[DEBUG]   (f) escapeWindowsPaths = true
[DEBUG]   (s) includeEmptyDirs = false
[DEBUG]   (s) outputDirectory = /application
[DEBUG]   (s) overwrite = false
[DEBUG]   (f) project = MavenProject: smhi:hypeapps-eodata:1.0-SNAPSHOT @ /home/dgustafsson/hypeapps-eodata/pom.xml
[DEBUG]   (s) directory = /home/dgustafsson/hypeapps-eodata/src/main/app-resources/
[DEBUG]   (s) resources = [Resource {targetPath: null, filtering: false, FileSet {directory: /home/dgustafsson/hypeapps-eodata/src/main/app-resources/, PatternSet [includes: {}, excludes: {}]}}]
[DEBUG]   (f) session = org.apache.maven.execution.MavenSession@e235e9d
[DEBUG]   (f) supportMultiLineFiltering = false
[DEBUG]   (f) useBuildFilters = true
[DEBUG]   (s) useDefaultDelimiters = true
[DEBUG] -- end configuration --
[DEBUG] properties used {java.vendor=Sun Microsystems Inc., env.LESSOPEN=||/usr/bin/lesspipe.sh %s, archetypeCatalog=local, sun.java.launcher=SUN_STANDARD, sun.management.compiler=HotSpot 64-Bit Tiered Compilers, description=H-TEP Hydrological Modelling Thematic Application - EO data pre-processing, os.name=Linux, sun.boot.class.path=/usr/java/jdk1.6.0_35/jre/lib/resources.jar:/usr/java/jdk1.6.0_35/jre/lib/rt.jar:/usr/java/jdk1.6.0_35/jre/lib/sunrsasign.jar:/usr/java/jdk1.6.0_35/jre/lib/jsse.jar:/usr/java/jdk1.6.0_35/jre/lib/jce.jar:/usr/java/jdk1.6.0_35/jre/lib/charsets.jar:/usr/java/jdk1.6.0_35/jre/lib/modules/jdk.boot.jar:/usr/java/jdk1.6.0_35/jre/classes, env.PWD=/home/dgustafsson/hypeapps-eodata, maven.build.timestamp.format=yyyy-MM-dd HH:mm:ssZ, env.LANG=en_US.utf-8, java.vm.specification.vendor=Sun Microsystems Inc., java.runtime.version=1.6.0_35-b10, env.HISTSIZE=1000, project.build.sourceEncoding=UTF-8, user.name=dgustafsson, maven.build.version=Apache Maven 3.0.4 (r1232337; 2012-01-17 09:44:56+0100), yumRepoType=testing, env.USER=dgustafsson, env.HISTCONTROL=ignoredups, env.SHELL=/bin/bash, rpmBasedir=/home/dgustafsson/hypeapps-eodata/target/rpm, env.QTLIB=/usr/lib64/qt-3.3/lib, env.SSH_TTY=/dev/pts/0, env.NLSPATH=/usr/dt/lib/nls/msg/%L/%N.cat, env.PATH=/opt/anaconda/bin/:/usr/lib64/qt-3.3/bin:/usr/local/bin:/bin:/usr/bin:/usr/local/sbin:/usr/sbin:/sbin:/home/dgustafsson/bin, user.language=en, sun.boot.library.path=/usr/java/jdk1.6.0_35/jre/lib/amd64, classworlds.conf=/usr/share/java/maven/bin/m2.conf, env.SSH_CONNECTION=10.15.36.1 61653 10.15.36.24 22, java.version=1.6.0_35, env.SSH_CLIENT=10.15.36.1 61653 22, user.timezone=Europe/San_Marino, sun.arch.data.model=64, java.endorsed.dirs=/usr/java/jdk1.6.0_35/jre/lib/endorsed, sun.cpu.isalist=, sun.jnu.encoding=UTF-8, file.encoding.pkg=sun.io, yumRepo=hydrology-tep, env.SHLVL=1, file.separator=/, env.HOSTNAME=sb-10-15-36-24.hydro.terradue.int, java.specification.name=Java Platform API Specification, env=sandbox, env.QTDIR=/usr/lib64/qt-3.3, java.class.version=50.0, user.country=US, java.home=/usr/java/jdk1.6.0_35/jre, java.vm.info=mixed mode, env.LOGNAME=dgustafsson, os.version=2.6.32-573.7.1.el6.x86_64, project.reporting.outputEncoding=UTF-8, env.G_BROKEN_FILENAMES=1, path.separator=:, java.vm.version=20.10-b01, env.QTINC=/usr/lib64/qt-3.3/include, env.JAVA_HOME=/usr/java/jdk1.6.0_35, java.awt.printerjob=sun.print.PSPrinterJob, env.TERM=xterm, sun.io.unicode.encoding=UnicodeLittle, rpmTopdir=/home/dgustafsson/hypeapps-eodata/target/rpm/hypeapps-eodata, user.home=/home/dgustafsson, env.OLDPWD=/home/dgustafsson/hypeapps-eodata, java.specification.vendor=Sun Microsystems Inc., env._CIOP_SHARE_PATH=/share, java.library.path=/usr/java/jdk1.6.0_35/jre/lib/amd64/server:/usr/java/jdk1.6.0_35/jre/lib/amd64:/usr/java/jdk1.6.0_35/jre/../lib/amd64:/usr/java/packages/lib/amd64:/usr/lib64:/lib64:/lib:/usr/lib, java.vendor.url=http://java.sun.com/, project.build.resourceEncoding=UTF-8, java.vm.vendor=Sun Microsystems Inc., maven.home=/usr/share/java/maven, java.runtime.name=Java(TM) SE Runtime Environment, sun.java.command=org.codehaus.plexus.classworlds.launcher.Launcher -q -X install, java.class.path=/usr/share/java/maven/boot/plexus-classworlds-2.4.jar, maven.version=3.0.4, env.CVS_RSH=ssh, env.XFILESEARCHPATH=/usr/dt/app-defaults/%L/Dt, java.vm.specification.name=Java Virtual Machine Specification, java.vm.specification.version=1.0, sun.cpu.endian=little, sun.os.patch.level=unknown, env.HOME=/home/dgustafsson, env.LS_COLORS=rs=0:di=01;34:ln=01;36:mh=00:pi=40;33:so=01;35:do=01;35:bd=40;33;01:cd=40;33;01:or=40;31;01:mi=01;05;37;41:su=37;41:sg=30;43:ca=30;41:tw=30;42:ow=34;42:st=37;44:ex=01;32:*.tar=01;31:*.tgz=01;31:*.arj=01;31:*.taz=01;31:*.lzh=01;31:*.lzma=01;31:*.tlz=01;31:*.txz=01;31:*.zip=01;31:*.z=01;31:*.Z=01;31:*.dz=01;31:*.gz=01;31:*.lz=01;31:*.xz=01;31:*.bz2=01;31:*.tbz=01;31:*.tbz2=01;31:*.bz=01;31:*.tz=01;31:*.deb=01;31:*.rpm=01;31:*.jar=01;31:*.rar=01;31:*.ace=01;31:*.zoo=01;31:*.cpio=01;31:*.7z=01;31:*.rz=01;31:*.jpg=01;35:*.jpeg=01;35:*.gif=01;35:*.bmp=01;35:*.pbm=01;35:*.pgm=01;35:*.ppm=01;35:*.tga=01;35:*.xbm=01;35:*.xpm=01;35:*.tif=01;35:*.tiff=01;35:*.png=01;35:*.svg=01;35:*.svgz=01;35:*.mng=01;35:*.pcx=01;35:*.mov=01;35:*.mpg=01;35:*.mpeg=01;35:*.m2v=01;35:*.mkv=01;35:*.ogm=01;35:*.mp4=01;35:*.m4v=01;35:*.mp4v=01;35:*.vob=01;35:*.qt=01;35:*.nuv=01;35:*.wmv=01;35:*.asf=01;35:*.rm=01;35:*.rmvb=01;35:*.flc=01;35:*.avi=01;35:*.fli=01;35:*.flv=01;35:*.gl=01;35:*.dl=01;35:*.xcf=01;35:*.xwd=01;35:*.yuv=01;35:*.cgm=01;35:*.emf=01;35:*.axv=01;35:*.anx=01;35:*.ogv=01;35:*.ogx=01;35:*.aac=01;36:*.au=01;36:*.flac=01;36:*.mid=01;36:*.midi=01;36:*.mka=01;36:*.mp3=01;36:*.mpc=01;36:*.ogg=01;36:*.ra=01;36:*.wav=01;36:*.axa=01;36:*.oga=01;36:*.spx=01;36:*.xspf=01;36:, java.io.tmpdir=/tmp, env.LD_LIBRARY_PATH=/usr/java/jdk1.6.0_35/jre/lib/amd64/server:/usr/java/jdk1.6.0_35/jre/lib/amd64:/usr/java/jdk1.6.0_35/jre/../lib/amd64, java.vendor.url.bug=http://java.sun.com/cgi-bin/bugreport.cgi, env._CIOP_CQI_LOCATION=http://localhost/catalogue/sandbox, env.ANACONDA_HOME=/opt/anaconda, os.arch=amd64, java.awt.graphicsenv=sun.awt.X11GraphicsEnvironment, community=hydro-tep, summary=H-TEP Hydrological Modelling Thematic Application - EO data pre-processing, env.SHUNIT2_HOME=/usr/share/shunit2, java.ext.dirs=/usr/java/jdk1.6.0_35/jre/lib/ext:/usr/java/packages/lib/ext, user.dir=/home/dgustafsson/hypeapps-eodata, env._CIOP_APPLICATION_PATH=/application, implementation.build=${scmBranch}@r${buildNumber};2017-06-01 09:25:27+0200, env.LC_ALL=en_US.utf-8, line.separator=
, java.vm.name=Java HotSpot(TM) 64-Bit Server VM, env.MAIL=/var/spool/mail/dgustafsson, file.encoding=UTF-8, env._CIOP_RUN_PATH=/ciop/run, java.specification.version=1.6}
[INFO] Using 'UTF-8' encoding to copy filtered resources.
[DEBUG] resource with targetPath null
directory /home/dgustafsson/hypeapps-eodata/src/main/app-resources/
excludes []
includes []
[DEBUG] ignoreDelta true
[INFO] Copying 27 resources
[DEBUG] file hypeapps-additional-utils.R has a filtered file extension
[DEBUG] copy /home/dgustafsson/hypeapps-eodata/src/main/app-resources/util/R/hypeapps-additional-utils.R to /application/util/R/hypeapps-additional-utils.R
[DEBUG] file hypeapps-plot-basinoutput.R has a filtered file extension
[DEBUG] copy /home/dgustafsson/hypeapps-eodata/src/main/app-resources/util/R/hypeapps-plot-basinoutput.R to /application/util/R/hypeapps-plot-basinoutput.R
[DEBUG] file hypeapps-utils.R has a filtered file extension
[DEBUG] copy /home/dgustafsson/hypeapps-eodata/src/main/app-resources/util/R/hypeapps-utils.R to /application/util/R/hypeapps-utils.R
[DEBUG] file hypeapps-csv-utils.R has a filtered file extension
[DEBUG] copy /home/dgustafsson/hypeapps-eodata/src/main/app-resources/util/R/hypeapps-csv-utils.R to /application/util/R/hypeapps-csv-utils.R
[DEBUG] file hypeapps-eo-utils.R has a filtered file extension
[DEBUG] copy /home/dgustafsson/hypeapps-eodata/src/main/app-resources/util/R/hypeapps-eo-utils.R to /application/util/R/hypeapps-eo-utils.R
[DEBUG] file hypeapps-plot-forecast-map.R has a filtered file extension
[DEBUG] copy /home/dgustafsson/hypeapps-eodata/src/main/app-resources/util/R/hypeapps-plot-forecast-map.R to /application/util/R/hypeapps-plot-forecast-map.R
[DEBUG] file hypeapps-environment.R has a filtered file extension
[DEBUG] copy /home/dgustafsson/hypeapps-eodata/src/main/app-resources/util/R/hypeapps-environment.R to /application/util/R/hypeapps-environment.R
[DEBUG] file hypeapps-hype-utils.R has a filtered file extension
[DEBUG] copy /home/dgustafsson/hypeapps-eodata/src/main/app-resources/util/R/hypeapps-hype-utils.R to /application/util/R/hypeapps-hype-utils.R
[DEBUG] file hypeapps-plot-forecast-basin.R has a filtered file extension
[DEBUG] copy /home/dgustafsson/hypeapps-eodata/src/main/app-resources/util/R/hypeapps-plot-forecast-basin.R to /application/util/R/hypeapps-plot-forecast-basin.R
[DEBUG] file packages.list has a filtered file extension
[DEBUG] copy /home/dgustafsson/hypeapps-eodata/src/main/app-resources/dependencies/R/packages.list to /application/dependencies/R/packages.list
[DEBUG] file run.R has a filtered file extension
[DEBUG] copy /home/dgustafsson/hypeapps-eodata/src/main/app-resources/node_eodata/run.R to /application/node_eodata/run.R
[DEBUG] file application.xml has a filtered file extension
[DEBUG] copy /home/dgustafsson/hypeapps-eodata/src/main/app-resources/application.xml to /application/application.xml
[DEBUG] file niger-hype.prj has a filtered file extension
[DEBUG] copy /home/dgustafsson/hypeapps-eodata/src/main/app-resources/model/shapefiles/niger-hype.prj to /application/model/shapefiles/niger-hype.prj
[DEBUG] file niger-hype.dbf has a filtered file extension
[DEBUG] copy /home/dgustafsson/hypeapps-eodata/src/main/app-resources/model/shapefiles/niger-hype.dbf to /application/model/shapefiles/niger-hype.dbf
[DEBUG] file niger-hype.shx has a filtered file extension
[DEBUG] copy /home/dgustafsson/hypeapps-eodata/src/main/app-resources/model/shapefiles/niger-hype.shx to /application/model/shapefiles/niger-hype.shx
[DEBUG] file niger-hype.shp has a filtered file extension
[DEBUG] copy /home/dgustafsson/hypeapps-eodata/src/main/app-resources/model/shapefiles/niger-hype.shp to /application/model/shapefiles/niger-hype.shp
[DEBUG] file GeoData.txt has a filtered file extension
[DEBUG] copy /home/dgustafsson/hypeapps-eodata/src/main/app-resources/model/GeoData.txt to /application/model/GeoData.txt
[DEBUG] file info-historical.txt has a filtered file extension
[DEBUG] copy /home/dgustafsson/hypeapps-eodata/src/main/app-resources/model/info-historical.txt to /application/model/info-historical.txt
[DEBUG] file info-hindcast.txt has a filtered file extension
[DEBUG] copy /home/dgustafsson/hypeapps-eodata/src/main/app-resources/model/info-hindcast.txt to /application/model/info-hindcast.txt
[DEBUG] file par.txt has a filtered file extension
[DEBUG] copy /home/dgustafsson/hypeapps-eodata/src/main/app-resources/model/par.txt to /application/model/par.txt
[DEBUG] file GeoClass.txt has a filtered file extension
[DEBUG] copy /home/dgustafsson/hypeapps-eodata/src/main/app-resources/model/GeoClass.txt to /application/model/GeoClass.txt
[DEBUG] file BranchData.txt has a filtered file extension
[DEBUG] copy /home/dgustafsson/hypeapps-eodata/src/main/app-resources/model/BranchData.txt to /application/model/BranchData.txt
[DEBUG] file niger-hype.txt has a filtered file extension
[DEBUG] copy /home/dgustafsson/hypeapps-eodata/src/main/app-resources/model/hype2csv/niger-hype.txt to /application/model/hype2csv/niger-hype.txt
[DEBUG] file FloodData.txt has a filtered file extension
[DEBUG] copy /home/dgustafsson/hypeapps-eodata/src/main/app-resources/model/FloodData.txt to /application/model/FloodData.txt
[DEBUG] file niger-hype-rp-cout.txt has a filtered file extension
[DEBUG] copy /home/dgustafsson/hypeapps-eodata/src/main/app-resources/model/returnlevels/niger-hype-rp-cout.txt to /application/model/returnlevels/niger-hype-rp-cout.txt
[DEBUG] file info-forecast.txt has a filtered file extension
[DEBUG] copy /home/dgustafsson/hypeapps-eodata/src/main/app-resources/model/info-forecast.txt to /application/model/info-forecast.txt
[DEBUG] file LakeData.txt has a filtered file extension
[DEBUG] copy /home/dgustafsson/hypeapps-eodata/src/main/app-resources/model/LakeData.txt to /application/model/LakeData.txt
[DEBUG] no use filter components
[INFO] 
[INFO] --- maven-antrun-plugin:1.6:run (change perm) @ hypeapps-eodata ---
[DEBUG] Configuring mojo org.apache.maven.plugins:maven-antrun-plugin:1.6:run from plugin realm ClassRealm[plugin>org.apache.maven.plugins:maven-antrun-plugin:1.6, parent: sun.misc.Launcher$AppClassLoader@1a45a877]
[DEBUG] Configuring mojo 'org.apache.maven.plugins:maven-antrun-plugin:1.6:run' with basic configurator -->
[DEBUG]   (f) localRepository =        id: local
      url: file:///home/dgustafsson/.m2/repository/
   layout: none

[DEBUG]   (f) pluginArtifacts = [org.apache.maven.plugins:maven-antrun-plugin:maven-plugin:1.6:, org.codehaus.plexus:plexus-interpolation:jar:1.1:compile, junit:junit:jar:3.8.1:compile, org.codehaus.plexus:plexus-utils:jar:2.0.5:compile, org.apache.ant:ant-nodeps:jar:1.8.1:compile, org.apache.ant:ant:jar:1.8.1:compile, org.apache.ant:ant-launcher:jar:1.8.1:compile]
[DEBUG]   (f) project = MavenProject: smhi:hypeapps-eodata:1.0-SNAPSHOT @ /home/dgustafsson/hypeapps-eodata/pom.xml
[DEBUG]   (f) target = <target><chmod dir="/application" perm="755" includes="**/run**"/>
<chmod dir="/application" perm="755" includes="**/*.sh"/>
<chmod dir="/application" perm="755" includes="**/*.py"/>
<chmod dir="/application" perm="755" includes="**/*.R"/>
<chmod dir="/application" perm="755" includes="**/*.exe"/>
<chmod dir="/application" perm="755" includes="**/*.sav"/>
<chmod file="/application/application.xml" perm="664"/>
</target>

[DEBUG]   (f) versionsPropertyName = maven.project.dependencies.versions
[DEBUG] -- end configuration --
Project base dir set to: /home/dgustafsson/hypeapps-eodata
Adding reference: maven.dependency.classpath
Adding reference: maven.compile.classpath
Adding reference: maven.runtime.classpath
Adding reference: maven.test.classpath
Adding reference: maven.plugin.classpath
Adding reference: maven.project
Adding reference: maven.project.helper
Adding reference: maven.local.repository
[DEBUG] Initialize Maven Ant Tasks
parsing buildfile jar:file:/home/dgustafsson/.m2/repository/org/apache/maven/plugins/maven-antrun-plugin/1.6/maven-antrun-plugin-1.6.jar!/org/apache/maven/ant/tasks/antlib.xml with URI = jar:file:/home/dgustafsson/.m2/repository/org/apache/maven/plugins/maven-antrun-plugin/1.6/maven-antrun-plugin-1.6.jar!/org/apache/maven/ant/tasks/antlib.xml from a zip file
parsing buildfile jar:file:/home/dgustafsson/.m2/repository/org/apache/ant/ant/1.8.1/ant-1.8.1.jar!/org/apache/tools/ant/antlib.xml with URI = jar:file:/home/dgustafsson/.m2/repository/org/apache/ant/ant/1.8.1/ant-1.8.1.jar!/org/apache/tools/ant/antlib.xml from a zip file
Class org.apache.maven.ant.tasks.AttachArtifactTask loaded from parent loader (parentFirst)
 +Datatype attachartifact org.apache.maven.ant.tasks.AttachArtifactTask
Class org.apache.maven.ant.tasks.DependencyFilesetsTask loaded from parent loader (parentFirst)
 +Datatype dependencyfilesets org.apache.maven.ant.tasks.DependencyFilesetsTask
Setting project property: archetypeCatalog -> local
Setting project property: maven.build.timestamp.format -> yyyy-MM-dd HH:mm:ssZ
Setting project property: rpmBasedir -> /home/dgustafsson/hypeapps-eodata/target/rpm
Setting project property: yumRepoType -> testing
Setting project property: env -> sandbox
Setting project property: rpmTopdir -> /home/dgustafsson/hypeapps-eodata/target/rpm/hypeapps-eodata
Setting project property: project.reporting.outputEncoding -> UTF-8
Setting project property: summary -> H-TEP Hydrological Modelling Thematic Application - EO data pre-processing
Setting project property: project.build.sourceEncoding -> UTF-8
Setting project property: yumRepo -> hydrology-tep
Setting project property: description -> H-TEP Hydrological Modelling Thematic Application - EO data pre-processing
Setting project property: community -> hydro-tep
Setting project property: implementation.build -> ${scmBranch}@r${buildNumber};2017-06-01 09:25:27+0200
Setting project property: project.build.resourceEncoding -> UTF-8
Setting project property: ant.file -> /home/dgustafsson/hypeapps-eodata/pom.xml
[DEBUG] Setting properties with prefix: 
Setting project property: project.groupId -> smhi
Setting project property: project.artifactId -> hypeapps-eodata
Setting project property: project.name -> hypeapps-eodata
Setting project property: project.description -> H-TEP Hydrological Modelling Application - EO data pre-processing
Setting project property: project.version -> 1.0-SNAPSHOT
Setting project property: project.packaging -> pom
Setting project property: project.build.directory -> /home/dgustafsson/hypeapps-eodata/target
Setting project property: project.build.outputDirectory -> /home/dgustafsson/hypeapps-eodata/target/classes
Setting project property: project.build.testOutputDirectory -> /home/dgustafsson/hypeapps-eodata/target/test-classes
Setting project property: project.build.sourceDirectory -> /home/dgustafsson/hypeapps-eodata/src/main/java
Setting project property: project.build.testSourceDirectory -> /home/dgustafsson/hypeapps-eodata/src/test/java
Setting project property: localRepository ->        id: local
      url: file:///home/dgustafsson/.m2/repository/
   layout: none
Setting project property: settings.localRepository -> /home/dgustafsson/.m2/repository
Setting project property: maven.project.dependencies.versions -> 
[INFO] Executing tasks
Build sequence for target(s) `main' is [main]
Complete build sequence is [main, ]

main:
fileset: Setup scanner in dir /application with patternSet{ includes: [**/run**] excludes: [] }
    [chmod] Executing 'chmod' with arguments:
    [chmod] '755'
    [chmod] '/application/node_eodata/run.R'
    [chmod] 
    [chmod] The ' characters around the executable and arguments are
    [chmod] not part of the command.
Execute:Java13CommandLauncher: Executing 'chmod' with arguments:
'755'
'/application/node_eodata/run.R'

The ' characters around the executable and arguments are
not part of the command.
    [chmod] Applied chmod to 1 file and 0 directories.
fileset: Setup scanner in dir /application with patternSet{ includes: [**/*.sh] excludes: [] }
    [chmod] Skipping fileset for directory /application. It is empty.
fileset: Setup scanner in dir /application with patternSet{ includes: [**/*.py] excludes: [] }
    [chmod] Skipping fileset for directory /application. It is empty.
fileset: Setup scanner in dir /application with patternSet{ includes: [**/*.R] excludes: [] }
    [chmod] Executing 'chmod' with arguments:
    [chmod] '755'
    [chmod] '/application/node_eodata/run.R'
    [chmod] '/application/util/R/hypeapps-additional-utils.R'
    [chmod] '/application/util/R/hypeapps-csv-utils.R'
    [chmod] '/application/util/R/hypeapps-environment.R'
    [chmod] '/application/util/R/hypeapps-eo-utils.R'
    [chmod] '/application/util/R/hypeapps-hype-utils.R'
    [chmod] '/application/util/R/hypeapps-plot-basinoutput.R'
    [chmod] '/application/util/R/hypeapps-plot-forecast-basin.R'
    [chmod] '/application/util/R/hypeapps-plot-forecast-map.R'
    [chmod] '/application/util/R/hypeapps-utils.R'
    [chmod] 
    [chmod] The ' characters around the executable and arguments are
    [chmod] not part of the command.
Execute:Java13CommandLauncher: Executing 'chmod' with arguments:
'755'
'/application/node_eodata/run.R'
'/application/util/R/hypeapps-additional-utils.R'
'/application/util/R/hypeapps-csv-utils.R'
'/application/util/R/hypeapps-environment.R'
'/application/util/R/hypeapps-eo-utils.R'
'/application/util/R/hypeapps-hype-utils.R'
'/application/util/R/hypeapps-plot-basinoutput.R'
'/application/util/R/hypeapps-plot-forecast-basin.R'
'/application/util/R/hypeapps-plot-forecast-map.R'
'/application/util/R/hypeapps-utils.R'

The ' characters around the executable and arguments are
not part of the command.
    [chmod] Applied chmod to 10 files and 0 directories.
fileset: Setup scanner in dir /application with patternSet{ includes: [**/*.exe] excludes: [] }
    [chmod] Skipping fileset for directory /application. It is empty.
fileset: Setup scanner in dir /application with patternSet{ includes: [**/*.sav] excludes: [] }
    [chmod] Skipping fileset for directory /application. It is empty.
FileSet: Setup scanner in dir /application with patternSet{ includes: [application.xml] excludes: [] }
    [chmod] Executing 'chmod' with arguments:
    [chmod] '664'
    [chmod] '/application/application.xml'
    [chmod] 
    [chmod] The ' characters around the executable and arguments are
    [chmod] not part of the command.
Execute:Java13CommandLauncher: Executing 'chmod' with arguments:
'664'
'/application/application.xml'

The ' characters around the executable and arguments are
not part of the command.
    [chmod] Applied chmod to 1 file and 0 directories.
[INFO] Executed tasks
[INFO] ------------------------------------------------------------------------
[INFO] BUILD SUCCESS
[INFO] ------------------------------------------------------------------------
[INFO] Total time: 8.976s
[INFO] Finished at: Thu Jun 01 09:25:36 CEST 2017
[INFO] Final Memory: 12M/166M
[INFO] ------------------------------------------------------------------------
